<?xml version="1.0" encoding="UTF-8"?>
<testsuite name="tests.TestForm" tests="1" skipped="0" failures="0" errors="0" timestamp="2023-06-07T09:58:53" hostname="MacBook-Air-Veronika.local" time="1.072">
  <properties/>
  <testcase name="firstTest()" classname="tests.TestForm" time="1.072"/>
  <system-out><![CDATA[]]></system-out>
  <system-err><![CDATA[]]></system-err>
</testsuite>
